Fetching Loop...
Loop
I/O Memory Approved.
Num Pages : 
00000000000000FE
Write loop ended.
I/O Memory Mapped...
FFFFA00000000000
Fetching Loop...
Loop
I/O Memory Approved.
Num Pages : 
0000000000000020
Write loop ended.
I/O Memory Mapped...
FFFFA00000100000
OSKRNLX64.exe : Allocating I/O Memory for Frame Buffer
Fetching Loop...
Loop
I/O Memory Approved.
Num Pages : 
00000000000001D5
Write loop ended.
I/O Memory Mapped...
FFFFA00000140000
Allocated I/O Memory :
FFFFA00000140000
_____
FFFF
0002
0002
_____
FFFF
0002
0002
_____
FFFF
0002
0002
_____
FFFF
0002
0002
_____
FFFF
0002
0002
_____
FFFF
0002
0002
_____
FFFF
0002
0002
_____
FFFF
0002
0002
_____
FFFF
0002
0002
_____
FFFF
0002
0002
_____
FFFF
0002
0002
_____
FFFF
0002
0002
_____
FFFF
0002
0002
_____
FFFF
0002
0002
_____
FFFF
0002
0002
_____
FFFF
0002
0002
_____
FFFF
0002
0002
_____
FFFF
0002
0002
_____
FFFF
0002
0002
_____
FFFF
0002
0002
_____
FFFF
0002
0002
_____
FFFF
0002
0002
_____
FFFF
0002
0002
_____
FFFF
0002
0002
_____
FFFF
0002
0002
_____
FFFF
0002
0002
_____
FFFF
0002
0002
_____
FFFF
0002
0002
_____
FFFF
0002
0002
_____
FFFF
0002
0002
_____
FFFF
0002
0002
_____
FFFF
0002
0002
_____
FFFF
0002
0002
_____
FFFF
0002
0002
_____
FFFF
0002
0002
_____
FFFF
0002
0002
_____
FFFF
0002
0002
_____
FFFF
0002
0002
_____
FFFF
0002
0002
_____
0002
0003
DOUBLE_INTERSECT DETECTED.
0004
_____
FFFF
0004
0004
_____
FFFF
0004
0004
_____
FFFF
0004
0004
_____
FFFF
0004
0004
_____
FFFF
0004
0004
_____
FFFF
0004
0004
_____
FFFF
0004
0004
_____
FFFF
0004
0004
_____
FFFF
0004
0004
_____
FFFF
0004
0004
_____
FFFF
0004
0004
_____
FFFF
0004
0004
_____
FFFF
0004
0004
_____
FFFF
0004
0004
_____
FFFF
0004
0004
_____
FFFF
0004
0004
_____
FFFF
0004
0004
_____
FFFF
0004
0004
_____
FFFF
0004
0004
_____
FFFF
0004
0004
_____
FFFF
0004
0004
_____
FFFF
0004
0004
_____
FFFF
0004
0004
_____
FFFF
0004
0004
_____
FFFF
0004
0004
_____
FFFF
0004
0004
_____
FFFF
0004
0004
_____
FFFF
0004
0004
_____
FFFF
0004
0004
_____
FFFF
0004
0004
_____
FFFF
0004
0004
_____
FFFF
0004
0004
_____
FFFF
0004
0004
_____
FFFF
0004
0004
_____
FFFF
0004
0004
_____
FFFF
0004
0004
_____
FFFF
0004
0004
_____
FFFF
0004
0004
_____
FFFF
0004
0004
_____
FFFF
0004
0004
_____
FFFF
0004
0004
_____
FFFF
0004
0004
_____
FFFF
0004
0004
_____
FFFF
0004
0004
_____
FFFF
0004
0004
_____
FFFF
0004
0004
_____
FFFF
0004
0004
_____
FFFF
0004
0004
_____
FFFF
0004
0004
_____
FFFF
0004
0004
_____
FFFF
0004
0004
_____
FFFF
0004
0004
_____
FFFF
0004
0004
_____
FFFF
0004
0004
_____
FFFF
0004
0004
_____
FFFF
0004
0004
_____
FFFF
0004
0004
_____
FFFF
0002
0002
_____
FFFF
0002
0002
_____
FFFF
0002
0002
